<?xml version="1.0" encoding="UTF-8"?>
<!-- Generated by org.testng.reporters.JUnitReportReporter -->
<testsuite hostname="WahidHPZ220" failures="0" tests="1" name="testRunner.FBtestRunner" time="3.165" errors="0" timestamp="2022-04-23T22:45:18 PDT" skipped="0">
  <testcase classname="testRunner.FBtestRunner" name="runScenario" time="3.165"/>
  <system-out/>
</testsuite> <!-- testRunner.FBtestRunner -->
